[117月2024 00:00:00.784] [Server thread/INFO] [net.minecraft.server.MinecraftServer/]: ［Dev：ゲームモードをサバイバルモードに変更しました］
[117月2024 00:00:00.796] [Render thread/INFO] [net.minecraft.client.gui.components.ChatComponent/]: [System] [CHAT] ゲームモードをサバイバルモードに変更しました
[117月2024 00:00:10.910] [Server thread/INFO] [net.minecraft.client.server.IntegratedServer/]: Saving and pausing game...
[117月2024 00:00:10.933] [Server thread/INFO] [net.minecraft.server.MinecraftServer/]: Saving chunks for level 'ServerLevel[新規ワールド]'/minecraft:overworld
[117月2024 00:00:10.958] [Server thread/INFO] [net.minecraft.server.MinecraftServer/]: Saving chunks for level 'ServerLevel[新規ワールド]'/minecraft:the_end
[117月2024 00:00:10.959] [Server thread/INFO] [net.minecraft.server.MinecraftServer/]: Saving chunks for level 'ServerLevel[新規ワールド]'/minecraft:the_nether
[117月2024 00:00:12.073] [Server thread/INFO] [net.minecraft.server.network.ServerGamePacketListenerImpl/]: Dev lost connection: 切断されました
[117月2024 00:00:12.074] [Server thread/INFO] [net.minecraft.server.MinecraftServer/]: Devがゲームを退出しました
[117月2024 00:00:12.084] [Server thread/INFO] [net.minecraft.server.network.ServerCommonPacketListenerImpl/]: Stopping singleplayer server as player logged out
[117月2024 00:00:12.135] [Server thread/INFO] [net.minecraft.server.MinecraftServer/]: Stopping server
[117月2024 00:00:12.136] [Server thread/INFO] [net.minecraft.server.MinecraftServer/]: Saving players
[117月2024 00:00:12.136] [Server thread/INFO] [net.minecraft.server.MinecraftServer/]: Saving worlds
[117月2024 00:00:13.154] [Server thread/INFO] [net.minecraft.server.MinecraftServer/]: Saving chunks for level 'ServerLevel[新規ワールド]'/minecraft:overworld
[117月2024 00:00:13.467] [Server thread/INFO] [net.minecraft.server.MinecraftServer/]: Saving chunks for level 'ServerLevel[新規ワールド]'/minecraft:the_end
[117月2024 00:00:13.467] [Server thread/INFO] [net.minecraft.server.MinecraftServer/]: Saving chunks for level 'ServerLevel[新規ワールド]'/minecraft:the_nether
[117月2024 00:00:13.486] [Server thread/INFO] [net.minecraft.server.MinecraftServer/]: ThreadedAnvilChunkStorage (新規ワールド): All chunks are saved
[117月2024 00:00:13.486] [Server thread/INFO] [net.minecraft.server.MinecraftServer/]: ThreadedAnvilChunkStorage (DIM1): All chunks are saved
[117月2024 00:00:13.486] [Server thread/INFO] [net.minecraft.server.MinecraftServer/]: ThreadedAnvilChunkStorage (DIM-1): All chunks are saved
[117月2024 00:00:13.486] [Server thread/INFO] [net.minecraft.server.MinecraftServer/]: ThreadedAnvilChunkStorage: All dimensions are saved
[117月2024 00:00:16.072] [Render thread/INFO] [net.minecraft.client.Minecraft/]: Stopping!
